<?xml version="1.0" encoding="UTF-8"?>
<testsuite name="ru.elenapltnkvtest.test.PayoutCardPositiveConfirmTest" tests="1" skipped="0" failures="0" errors="0" timestamp="2024-07-18T12:02:13" hostname="user" time="13.229">
  <properties/>
  <testcase name="Проверка успешного платежа" classname="ru.elenapltnkvtest.test.PayoutCardPositiveConfirmTest" time="13.229"/>
  <system-out><![CDATA[Request URI:	https://api.yookassa.ru/v3/payments
Headers:		Idempotence-Key=a2972e36-f8ba-46c9-85ae-f68cdf5a27a6
				Authorization=Basic MzU5MjQwOnRlc3RfeGpoWUVnODU4akYwUjF6YVlRdGRrV1lPRHJtOUhxN1Q4cXlzaWFEWC1QOA==
				Accept=*/*
				Content-Type=application/json
Body:
{
    "amount": {
        "value": "1.00",
        "currency": "RUB"
    },
    "payment_method_data": {
        "type": "bank_card",
        "card": {
            "cardholder": "MR CARDHOLDER",
            "csc": "213",
            "expiry_month": "01",
            "expiry_year": "2020",
            "number": "5555555555554444"
        }
    },
    "confirmation": {
        "type": "redirect",
        "return_url": "https://www.example.com/return_url"
    },
    "description": "Заказ №74"
}
HTTP/1.1 200 
Server: nginx
Date: Thu, 18 Jul 2024 12:02:23 GMT
Content-Type: application/json;charset=UTF-8
Content-Length: 1068
Connection: keep-alive
Keep-Alive: timeout=12
Signature: v1 2e2b180f 1 MGQCMFigRSVYpK6y6V+6jggQLxr0409s0JP4ytsIXdCrOL/4dDvwIIDDIfICxoDA0mSAqAIwc+VdEeDAiJUIkzgsTf+p6g1/2A6jp/1v2Zs+3Fr2TOHUa076fLM59nGdS8RNVfPa
Strict-Transport-Security: max-age=15768000

{
    "id": "2e2b180f-000f-5000-8000-126d2d8d0bb4",
    "status": "waiting_for_capture",
    "amount": {
        "value": "1.00",
        "currency": "RUB"
    },
    "description": "Заказ №74",
    "recipient": {
        "account_id": "359240",
        "gateway_id": "2215148"
    },
    "payment_method": {
        "type": "bank_card",
        "id": "2e2b180f-000f-5000-8000-126d2d8d0bb4",
        "saved": false,
        "title": "Bank card *4444",
        "card": {
            "first6": "555555",
            "last4": "4444",
            "expiry_year": "2020",
            "expiry_month": "01",
            "card_type": "MasterCard",
            "card_product": {
                "code": "E"
            },
            "issuer_country": "US"
        }
    },
    "created_at": "2024-07-18T12:02:23.140Z",
    "expires_at": "2024-07-25T12:02:23.781Z",
    "test": true,
    "paid": true,
    "refundable": false,
    "metadata": {
        
    },
    "authorization_details": {
        "rrn": "897319823082121",
        "auth_code": "201113",
        "three_d_secure": {
            "applied": false,
            "method_completed": false,
            "challenge_completed": false
        }
    }
}
Request URI:	https://api.yookassa.ru/v3/payments/2e2b180f-000f-5000-8000-126d2d8d0bb4/capture
Headers:		Idempotence-Key=a2972e36-f8ba-46c9-85ae-f68cdf5a27a6
				Authorization=Basic MzU5MjQwOnRlc3RfeGpoWUVnODU4akYwUjF6YVlRdGRrV1lPRHJtOUhxN1Q4cXlzaWFEWC1QOA==
				Accept=*/*
				Content-Type=application/json
Body:
{
    "amount": {
        "value": "1.00",
        "currency": "RUB"
    }
}
HTTP/1.1 200 
Server: nginx
Date: Thu, 18 Jul 2024 12:02:26 GMT
Content-Type: application/json;charset=UTF-8
Content-Length: 1204
Connection: keep-alive
Keep-Alive: timeout=12
Signature: v1 2e2b1812 1 MGQCMFngnz4JyACkfvZeiehN72Ib2CjTeFbrgxxKwNj5nSVeSdcbT6DAJst3/zB452D76wIwM3uQxncYjtCtpU2f3V20NJwHSI3b1GZEy3gApZvRD3DqWphFI+1Emi555fRjml9H
Strict-Transport-Security: max-age=15768000

{
    "id": "2e2b180f-000f-5000-8000-126d2d8d0bb4",
    "status": "succeeded",
    "amount": {
        "value": "1.00",
        "currency": "RUB"
    },
    "income_amount": {
        "value": "0.96",
        "currency": "RUB"
    },
    "description": "Заказ №74",
    "recipient": {
        "account_id": "359240",
        "gateway_id": "2215148"
    },
    "payment_method": {
        "type": "bank_card",
        "id": "2e2b180f-000f-5000-8000-126d2d8d0bb4",
        "saved": false,
        "title": "Bank card *4444",
        "card": {
            "first6": "555555",
            "last4": "4444",
            "expiry_year": "2020",
            "expiry_month": "01",
            "card_type": "MasterCard",
            "card_product": {
                "code": "E"
            },
            "issuer_country": "US"
        }
    },
    "captured_at": "2024-07-18T12:02:25.729Z",
    "created_at": "2024-07-18T12:02:23.140Z",
    "test": true,
    "refunded_amount": {
        "value": "0.00",
        "currency": "RUB"
    },
    "paid": true,
    "refundable": true,
    "metadata": {
        
    },
    "authorization_details": {
        "rrn": "897319823082121",
        "auth_code": "201113",
        "three_d_secure": {
            "applied": false,
            "method_completed": false,
            "challenge_completed": false
        }
    }
}
Запрашиваем информацию о платеже: 
Request URI:	https://api.yookassa.ru/v3/payments/2e2b180f-000f-5000-8000-126d2d8d0bb4
Headers:		Idempotence-Key=a2972e36-f8ba-46c9-85ae-f68cdf5a27a6
				Authorization=Basic MzU5MjQwOnRlc3RfeGpoWUVnODU4akYwUjF6YVlRdGRrV1lPRHJtOUhxN1Q4cXlzaWFEWC1QOA==
				Accept=*/*
				Content-Type=application/json
Body:			<none>
HTTP/1.1 200 
Server: nginx
Date: Thu, 18 Jul 2024 12:02:26 GMT
Content-Type: application/json;charset=UTF-8
Content-Length: 1204
Connection: keep-alive
Keep-Alive: timeout=12
Signature: v1 2e2b1812 1 MGUCMQCKLztmXFKiIKkggf4Ftf3XW8Vdx5cSwg30RzmbD7NhSJ9QXzxhW/Y5t0opaJlJN38CMDLrG3rybS+wd2EDVQmk0GmPF5Zwa+OaGTNDK+Y7djqCrHBuMODnYT+4Zfpo1X01XQ==
Strict-Transport-Security: max-age=15768000

{
    "id": "2e2b180f-000f-5000-8000-126d2d8d0bb4",
    "status": "succeeded",
    "amount": {
        "value": "1.00",
        "currency": "RUB"
    },
    "income_amount": {
        "value": "0.96",
        "currency": "RUB"
    },
    "description": "Заказ №74",
    "recipient": {
        "account_id": "359240",
        "gateway_id": "2215148"
    },
    "payment_method": {
        "type": "bank_card",
        "id": "2e2b180f-000f-5000-8000-126d2d8d0bb4",
        "saved": false,
        "title": "Bank card *4444",
        "card": {
            "first6": "555555",
            "last4": "4444",
            "expiry_year": "2020",
            "expiry_month": "01",
            "card_type": "MasterCard",
            "card_product": {
                "code": "E"
            },
            "issuer_country": "US"
        }
    },
    "captured_at": "2024-07-18T12:02:25.729Z",
    "created_at": "2024-07-18T12:02:23.140Z",
    "test": true,
    "refunded_amount": {
        "value": "0.00",
        "currency": "RUB"
    },
    "paid": true,
    "refundable": true,
    "metadata": {
        
    },
    "authorization_details": {
        "rrn": "897319823082121",
        "auth_code": "201113",
        "three_d_secure": {
            "applied": false,
            "method_completed": false,
            "challenge_completed": false
        }
    }
}
]]></system-out>
  <system-err><![CDATA[]]></system-err>
</testsuite>
