<?xml version="1.0" encoding="UTF-8"?>
<testsuite name="ru.elenapltnkvtest.test.PayoutCardPositiveConfirmTest" tests="1" skipped="0" failures="0" errors="0" timestamp="2024-07-16T15:14:07" hostname="user" time="13.656">
  <properties/>
  <testcase name="Проверка успешного платежа" classname="ru.elenapltnkvtest.test.PayoutCardPositiveConfirmTest" time="13.656"/>
  <system-out><![CDATA[Request URI:	https://api.yookassa.ru/v3/payments
Headers:		Idempotence-Key=85e92c84-39db-4464-82c6-b7c826fbe648
				Authorization=Basic MzU5MjQwOnRlc3RfeGpoWUVnODU4akYwUjF6YVlRdGRrV1lPRHJtOUhxN1Q4cXlzaWFEWC1QOA==
				Accept=*/*
				Content-Type=application/json
Body:
{
    "amount": {
        "value": "1.00",
        "currency": "RUB"
    },
    "payment_method_data": {
        "type": "bank_card",
        "card": {
            "cardholder": "MR CARDHOLDER",
            "csc": "213",
            "expiry_month": "01",
            "expiry_year": "2020",
            "number": "5555555555554444"
        }
    },
    "confirmation": {
        "type": "redirect",
        "return_url": "https://www.example.com/return_url"
    },
    "description": "Заказ №74"
}
HTTP/1.1 200 
Server: nginx
Date: Tue, 16 Jul 2024 15:14:18 GMT
Content-Type: application/json;charset=UTF-8
Content-Length: 1068
Connection: keep-alive
Keep-Alive: timeout=12
Signature: v1 2e28a20a 1 MGQCMAjvOoBstcKn/IOL/QpNykya7dhHTr4YcGauQPUIAp1emdlExTR4E+Vgjkphc0d/fwIwSOHrmHEQbZBw5a5g59OJsIFPAPjSImoJOQ/n3vWfXruHd/XmMAyMK8S/FdtOKnyu
Strict-Transport-Security: max-age=15768000

{
    "id": "2e28a209-000f-5000-9000-1291fa4f7142",
    "status": "waiting_for_capture",
    "amount": {
        "value": "1.00",
        "currency": "RUB"
    },
    "description": "Заказ №74",
    "recipient": {
        "account_id": "359240",
        "gateway_id": "2215148"
    },
    "payment_method": {
        "type": "bank_card",
        "id": "2e28a209-000f-5000-9000-1291fa4f7142",
        "saved": false,
        "title": "Bank card *4444",
        "card": {
            "first6": "555555",
            "last4": "4444",
            "expiry_year": "2020",
            "expiry_month": "01",
            "card_type": "MasterCard",
            "card_product": {
                "code": "E"
            },
            "issuer_country": "US"
        }
    },
    "created_at": "2024-07-16T15:14:17.288Z",
    "expires_at": "2024-07-23T15:14:17.872Z",
    "test": true,
    "paid": true,
    "refundable": false,
    "metadata": {
        
    },
    "authorization_details": {
        "rrn": "893454614129316",
        "auth_code": "216233",
        "three_d_secure": {
            "applied": false,
            "method_completed": false,
            "challenge_completed": false
        }
    }
}
Request URI:	https://api.yookassa.ru/v3/payments/2e28a209-000f-5000-9000-1291fa4f7142/capture
Headers:		Idempotence-Key=85e92c84-39db-4464-82c6-b7c826fbe648
				Authorization=Basic MzU5MjQwOnRlc3RfeGpoWUVnODU4akYwUjF6YVlRdGRrV1lPRHJtOUhxN1Q4cXlzaWFEWC1QOA==
				Accept=*/*
				Content-Type=application/json
Body:
{
    "amount": {
        "value": "1.00",
        "currency": "RUB"
    }
}
HTTP/1.1 200 
Server: nginx
Date: Tue, 16 Jul 2024 15:14:20 GMT
Content-Type: application/json;charset=UTF-8
Content-Length: 1204
Connection: keep-alive
Keep-Alive: timeout=12
Signature: v1 2e28a20c 1 MGQCMCL2tVC7T6dkAqqxjDBVXspfpdP8GvUA3FrZtlKRliPKctxEhGcTa797IQ4Fd5BHHQIwWDp8d1ehytTezaKFPEE+VuleXwZuNZJ8bpxR/dp3aIkZ1MoeZK1FAucL53Hx4sPo
Strict-Transport-Security: max-age=15768000

{
    "id": "2e28a209-000f-5000-9000-1291fa4f7142",
    "status": "succeeded",
    "amount": {
        "value": "1.00",
        "currency": "RUB"
    },
    "income_amount": {
        "value": "0.96",
        "currency": "RUB"
    },
    "description": "Заказ №74",
    "recipient": {
        "account_id": "359240",
        "gateway_id": "2215148"
    },
    "payment_method": {
        "type": "bank_card",
        "id": "2e28a209-000f-5000-9000-1291fa4f7142",
        "saved": false,
        "title": "Bank card *4444",
        "card": {
            "first6": "555555",
            "last4": "4444",
            "expiry_year": "2020",
            "expiry_month": "01",
            "card_type": "MasterCard",
            "card_product": {
                "code": "E"
            },
            "issuer_country": "US"
        }
    },
    "captured_at": "2024-07-16T15:14:20.213Z",
    "created_at": "2024-07-16T15:14:17.288Z",
    "test": true,
    "refunded_amount": {
        "value": "0.00",
        "currency": "RUB"
    },
    "paid": true,
    "refundable": true,
    "metadata": {
        
    },
    "authorization_details": {
        "rrn": "893454614129316",
        "auth_code": "216233",
        "three_d_secure": {
            "applied": false,
            "method_completed": false,
            "challenge_completed": false
        }
    }
}
Запрашиваем информацию о платеже: 
Request URI:	https://api.yookassa.ru/v3/payments/2e28a209-000f-5000-9000-1291fa4f7142
Headers:		Idempotence-Key=85e92c84-39db-4464-82c6-b7c826fbe648
				Authorization=Basic MzU5MjQwOnRlc3RfeGpoWUVnODU4akYwUjF6YVlRdGRrV1lPRHJtOUhxN1Q4cXlzaWFEWC1QOA==
				Accept=*/*
				Content-Type=application/json
Body:			<none>
HTTP/1.1 200 
Server: nginx
Date: Tue, 16 Jul 2024 15:14:21 GMT
Content-Type: application/json;charset=UTF-8
Content-Length: 1204
Connection: keep-alive
Keep-Alive: timeout=12
Signature: v1 2e28a20d 1 MGQCMBOjoKPHuswRDsoB9tDiWBpAG8nlN75SqH7pTKlhc5VHANKyt42+IrAwANWKRBXeJQIwJedLKPeWf879O0HA1qH0u209a6OdYpSAqf1HIU9UjIbpxqNdsMwjnSy7A03AOiSW
Strict-Transport-Security: max-age=15768000

{
    "id": "2e28a209-000f-5000-9000-1291fa4f7142",
    "status": "succeeded",
    "amount": {
        "value": "1.00",
        "currency": "RUB"
    },
    "income_amount": {
        "value": "0.96",
        "currency": "RUB"
    },
    "description": "Заказ №74",
    "recipient": {
        "account_id": "359240",
        "gateway_id": "2215148"
    },
    "payment_method": {
        "type": "bank_card",
        "id": "2e28a209-000f-5000-9000-1291fa4f7142",
        "saved": false,
        "title": "Bank card *4444",
        "card": {
            "first6": "555555",
            "last4": "4444",
            "expiry_year": "2020",
            "expiry_month": "01",
            "card_type": "MasterCard",
            "card_product": {
                "code": "E"
            },
            "issuer_country": "US"
        }
    },
    "captured_at": "2024-07-16T15:14:20.213Z",
    "created_at": "2024-07-16T15:14:17.288Z",
    "test": true,
    "refunded_amount": {
        "value": "0.00",
        "currency": "RUB"
    },
    "paid": true,
    "refundable": true,
    "metadata": {
        
    },
    "authorization_details": {
        "rrn": "893454614129316",
        "auth_code": "216233",
        "three_d_secure": {
            "applied": false,
            "method_completed": false,
            "challenge_completed": false
        }
    }
}
]]></system-out>
  <system-err><![CDATA[]]></system-err>
</testsuite>
