<?xml version="1.0" encoding="UTF-8"?>
<testsuite name="ru.elenapltnkvtest.test.PayoutCardPositiveCancelTest" tests="1" skipped="0" failures="0" errors="0" timestamp="2024-07-18T12:38:36" hostname="user" time="11.989">
  <properties/>
  <testcase name="Проверка отклонения платежа 'canceled_by_merchant'" classname="ru.elenapltnkvtest.test.PayoutCardPositiveCancelTest" time="11.989"/>
  <system-out><![CDATA[Request URI:	https://api.yookassa.ru/v3/payments
Headers:		Idempotence-Key=cdfe9869-baa4-4461-8f78-aa5946b57667
				Authorization=Basic MzU5MjQwOnRlc3RfeGpoWUVnODU4akYwUjF6YVlRdGRrV1lPRHJtOUhxN1Q4cXlzaWFEWC1QOA==
				Accept=*/*
				Content-Type=application/json
Body:
{
    "amount": {
        "value": "1.00",
        "currency": "RUB"
    },
    "payment_method_data": {
        "type": "bank_card",
        "card": {
            "cardholder": "MR CARDHOLDER",
            "csc": "213",
            "expiry_month": "01",
            "expiry_year": "2020",
            "number": "5555555555554444"
        }
    },
    "confirmation": {
        "type": "redirect",
        "return_url": "https://www.example.com/return_url"
    },
    "description": "Заказ №74"
}
HTTP/1.1 200 
Server: nginx
Date: Thu, 18 Jul 2024 12:38:46 GMT
Content-Type: application/json;charset=UTF-8
Content-Length: 1068
Connection: keep-alive
Keep-Alive: timeout=12
Signature: v1 2e2b2096 1 MGQCMCuGTgJeT9N/ccd2BXV4PrfPZKE8LSmD0bJ61RxvvscIrCN33XMBS/rjfJ9B+RRHmgIwPJRONhJ0I9201iKKL+9ZJ0UzXcueHbb9oO50ipffyLgWO3lBWCkfFvb23enthc57
Strict-Transport-Security: max-age=15768000

{
    "id": "2e2b2095-000f-5000-a000-1df825185d6f",
    "status": "waiting_for_capture",
    "amount": {
        "value": "1.00",
        "currency": "RUB"
    },
    "description": "Заказ №74",
    "recipient": {
        "account_id": "359240",
        "gateway_id": "2215148"
    },
    "payment_method": {
        "type": "bank_card",
        "id": "2e2b2095-000f-5000-a000-1df825185d6f",
        "saved": false,
        "title": "Bank card *4444",
        "card": {
            "first6": "555555",
            "last4": "4444",
            "expiry_year": "2020",
            "expiry_month": "01",
            "card_type": "MasterCard",
            "card_product": {
                "code": "E"
            },
            "issuer_country": "US"
        }
    },
    "created_at": "2024-07-18T12:38:45.880Z",
    "expires_at": "2024-07-25T12:38:46.609Z",
    "test": true,
    "paid": true,
    "refundable": false,
    "metadata": {
        
    },
    "authorization_details": {
        "rrn": "258717354984639",
        "auth_code": "386789",
        "three_d_secure": {
            "applied": false,
            "method_completed": false,
            "challenge_completed": false
        }
    }
}
Request URI:	https://api.yookassa.ru/v3/payments/2e2b2095-000f-5000-a000-1df825185d6f/cancel
Headers:		Idempotence-Key=cdfe9869-baa4-4461-8f78-aa5946b57667
				Authorization=Basic MzU5MjQwOnRlc3RfeGpoWUVnODU4akYwUjF6YVlRdGRrV1lPRHJtOUhxN1Q4cXlzaWFEWC1QOA==
				Accept=*/*
				Content-Type=application/json
Body:			<none>
HTTP/1.1 200 
Server: nginx
Date: Thu, 18 Jul 2024 12:38:47 GMT
Content-Type: application/json;charset=UTF-8
Content-Length: 1111
Connection: keep-alive
Keep-Alive: timeout=12
Signature: v1 2e2b2097 1 MGQCMFn5mlkr+RQJupQdvkdeGK4aFIi3HFWURrvEO3l0cAXndiOSXaCQFItrx49affPtRgIwfOjqIzTgizptvF5i8NQoiSNTsxycDtQHlrXCP4jmwDrYzmE9hotatzRIMCxCJmjp
Strict-Transport-Security: max-age=15768000

{
    "id": "2e2b2095-000f-5000-a000-1df825185d6f",
    "status": "canceled",
    "amount": {
        "value": "1.00",
        "currency": "RUB"
    },
    "description": "Заказ №74",
    "recipient": {
        "account_id": "359240",
        "gateway_id": "2215148"
    },
    "payment_method": {
        "type": "bank_card",
        "id": "2e2b2095-000f-5000-a000-1df825185d6f",
        "saved": false,
        "title": "Bank card *4444",
        "card": {
            "first6": "555555",
            "last4": "4444",
            "expiry_year": "2020",
            "expiry_month": "01",
            "card_type": "MasterCard",
            "card_product": {
                "code": "E"
            },
            "issuer_country": "US"
        }
    },
    "created_at": "2024-07-18T12:38:45.880Z",
    "test": true,
    "paid": false,
    "refundable": false,
    "metadata": {
        
    },
    "cancellation_details": {
        "party": "merchant",
        "reason": "canceled_by_merchant"
    },
    "authorization_details": {
        "rrn": "258717354984639",
        "auth_code": "386789",
        "three_d_secure": {
            "applied": false,
            "method_completed": false,
            "challenge_completed": false
        }
    }
}
Request URI:	https://api.yookassa.ru/v3/payments/2e2b2095-000f-5000-a000-1df825185d6f
Headers:		Idempotence-Key=cdfe9869-baa4-4461-8f78-aa5946b57667
				Authorization=Basic MzU5MjQwOnRlc3RfeGpoWUVnODU4akYwUjF6YVlRdGRrV1lPRHJtOUhxN1Q4cXlzaWFEWC1QOA==
				Accept=*/*
				Content-Type=application/json
Body:			<none>
HTTP/1.1 200 
Server: nginx
Date: Thu, 18 Jul 2024 12:38:48 GMT
Content-Type: application/json;charset=UTF-8
Content-Length: 1111
Connection: keep-alive
Keep-Alive: timeout=12
Signature: v1 2e2b2098 1 MGQCMARNXL/pXCiER09ZjFl/QdGUjAO3VmPjYvbvxRwnUPROVMTDd+JJ9jU+YmlRkpZ81QIwDRpJawaElX89meUYnBMT5f0y6MRxzw3HYLljXxb7XuT3S3xcvdCap34bt6CbDOjY
Strict-Transport-Security: max-age=15768000

{
    "id": "2e2b2095-000f-5000-a000-1df825185d6f",
    "status": "canceled",
    "amount": {
        "value": "1.00",
        "currency": "RUB"
    },
    "description": "Заказ №74",
    "recipient": {
        "account_id": "359240",
        "gateway_id": "2215148"
    },
    "payment_method": {
        "type": "bank_card",
        "id": "2e2b2095-000f-5000-a000-1df825185d6f",
        "saved": false,
        "title": "Bank card *4444",
        "card": {
            "first6": "555555",
            "last4": "4444",
            "expiry_year": "2020",
            "expiry_month": "01",
            "card_type": "MasterCard",
            "card_product": {
                "code": "E"
            },
            "issuer_country": "US"
        }
    },
    "created_at": "2024-07-18T12:38:45.880Z",
    "test": true,
    "paid": false,
    "refundable": false,
    "metadata": {
        
    },
    "cancellation_details": {
        "party": "merchant",
        "reason": "canceled_by_merchant"
    },
    "authorization_details": {
        "rrn": "258717354984639",
        "auth_code": "386789",
        "three_d_secure": {
            "applied": false,
            "method_completed": false,
            "challenge_completed": false
        }
    }
}
]]></system-out>
  <system-err><![CDATA[]]></system-err>
</testsuite>
